Arguments: 
  C:\Program Files\nodejs\node.exe C:\Users\Danish Gaur\AppData\Roaming\npm\node_modules\yarn\bin\yarn.js

PATH: 
  C:\Program Files\Common Files\Oracle\Java\javapath;C:\Program Files (x86)\Common Files\Oracle\Java\javapath;C:\Windows\system32;C:\Windows;C:\Windows\System32\Wbem;C:\Windows\System32\WindowsPowerShell\v1.0\;C:\Windows\System32\OpenSSH\;C:\Program Files (x86)\NVIDIA Corporation\PhysX\Common;C:\Program Files\NVIDIA Corporation\NVIDIA NvDLISR;C:\MinGW\bin;C:\Program Files (x86)\MySQL\MySQL Server 5.1\bin;C:\ProgramData\chocolatey\bin;C:\WINDOWS\system32;C:\WINDOWS;C:\WINDOWS\System32\Wbem;C:\WINDOWS\System32\WindowsPowerShell\v1.0\;C:\WINDOWS\System32\OpenSSH\;C:\Program Files\OpenJDK\openjdk-11.0.13_8\bin;C:\Users\Danish Gaur\get-pip;C:\Program Files\nodejs\;C:\Program Files\Microsoft VS Code\bin;C:\Program Files\Docker\Docker\resources\bin;C:\ProgramData\DockerDesktop\version-bin;C:\Program Files\OpenJDK\openjdk-11.0.16_8\bin;C:\Program Files\Git\cmd;C:\Users\Danish Gaur\AppData\Local\Android\Sdk\tools;C:\Users\Danish Gaur\AppData\Local\Microsoft\WindowsApps;C:\Users\Danish Gaur\AppData\Local\Android\Sdk\platform-tools;C:\Users\Danish Gaur\AppData\Roaming\npm;C:\App development\android-ndk-r25b;C:\main\flutter\bin\;C:\tools\dart-sdk\bin;C:\Users\Danish Gaur\AppData\Roaming\Pub\Cache\bin;

Yarn version: 
  1.22.19

Node version: 
  18.8.0

Platform: 
  win32 x64

Trace: 
  Error: EBUSY: resource busy or locked, unlink 'C:\Users\Danish Gaur\Downloads\PocketMoneyMobileApp\PocketMoney\node_modules\react-native-gradle-plugin\.gradle\buildOutputCleanup\outputFiles.bin'

npm manifest: 
  {
    "name": "PocketMoney",
    "version": "0.0.1",
    "private": true,
    "scripts": {
      "android": "react-native run-android",
      "ios": "react-native run-ios",
      "start": "react-native start",
      "test": "jest",
      "lint": "eslint ."
    },
    "dependencies": {
      "@expo/vector-icons": "^13.0.0",
      "@react-native-async-storage/async-storage": "^1.17.11",
      "@react-native-community/clipboard": "^1.5.1",
      "@react-navigation/drawer": "^6.6.0",
      "@react-navigation/native": "^6.1.1",
      "@react-navigation/native-stack": "^6.9.7",
      "@reacticons/ionicons": "^6.0.4",
      "@reduxjs/toolkit": "^1.9.3",
      "@rneui/base": "^4.0.0-rc.7",
      "@rneui/themed": "^4.0.0-rc.7",
      "@twotalltotems/react-native-otp-input": "^1.3.11",
      "android": "^0.0.8",
      "axios": "^1.2.2",
      "isomorphic-fetch": "^3.0.0",
      "lottie-react-native": "^5.1.4",
      "metro": "^0.74.0",
      "moment": "^2.29.4",
      "react": "18.1.0",
      "react-native": "0.70.6",
      "react-native-gesture-handler": "^2.9.0",
      "react-native-reanimated": "^2.14.4",
      "react-native-safe-area-context": "^4.5.0",
      "react-native-screens": "^3.20.0",
      "react-native-svg": "^13.8.0",
      "react-native-toast-message": "^2.1.5",
      "react-native-vector-icons": "^9.2.0",
      "react-redux": "^8.0.5",
      "redux": "^4.2.1",
      "redux-thunk": "^2.4.2",
      "run": "^1.4.0",
      "start": "^5.1.0"
    },
    "devDependencies": {
      "@babel/core": "^7.12.9",
      "@babel/runtime": "^7.12.5",
      "@iconify/react": "^4.1.0",
      "@react-native-community/eslint-config": "^2.0.0",
      "babel-jest": "^26.6.3",
      "eslint": "^7.32.0",
      "jest": "^26.6.3",
      "metro-react-native-babel-preset": "0.72.3",
      "prettier": "^2.8.1",
      "react-test-renderer": "18.1.0"
    },
    "jest": {
      "preset": "react-native"
    }
  }

yarn manifest: 
  No manifest

Lockfile: 
  No lockfile
